<?xml version="1.0" encoding="UTF-8"?>
<!-- Generated by org.testng.reporters.JUnitXMLReporter -->
<testsuite hostname="WKWIN5355264" ignored="0" name="loginToSalesforce" tests="1" failures="1" timestamp="19 Mar 2019 14:20:36 GMT" time="54.804" errors="0">
  <testcase name="copyReportMethod" time="52.916" classname="pv.selenium.salesforceLogin1.salesforceLogin">
    <failure type="org.openqa.selenium.NoSuchSessionException" message="Session ID is null. Using WebDriver after calling quit()?
Build info: version: &amp;apos;3.13.0&amp;apos;, revision: &amp;apos;2f0d292&amp;apos;, time: &amp;apos;2018-06-25T15:24:21.231Z&amp;apos;
System info: host: &amp;apos;WKWIN5355264&amp;apos;, ip: &amp;apos;10.150.120.141&amp;apos;, os.name: &amp;apos;Windows 7&amp;apos;, os.arch: &amp;apos;amd64&amp;apos;, os.version: &amp;apos;6.1&amp;apos;, java.version: &amp;apos;1.8.0_152&amp;apos;
Driver info: driver.version: RemoteWebDriver">
      <![CDATA[org.openqa.selenium.NoSuchSessionException: Session ID is null. Using WebDriver after calling quit()?
Build info: version: '3.13.0', revision: '2f0d292', time: '2018-06-25T15:24:21.231Z'
System info: host: 'WKWIN5355264', ip: '10.150.120.141', os.name: 'Windows 7', os.arch: 'amd64', os.version: '6.1', java.version: '1.8.0_152'
Driver info: driver.version: RemoteWebDriver
at org.openqa.selenium.remote.HttpCommandExecutor.execute(HttpCommandExecutor.java:125)
at org.openqa.selenium.remote.service.DriverCommandExecutor.execute(DriverCommandExecutor.java:83)
at org.openqa.selenium.remote.RemoteWebDriver.execute(RemoteWebDriver.java:548)
at org.openqa.selenium.remote.RemoteWebDriver.execute(RemoteWebDriver.java:605)
at org.openqa.selenium.remote.RemoteWebDriver.getScreenshotAs(RemoteWebDriver.java:294)
at pv.selenium.hybrid.keywords.GenericKeywords.takeScreenShot(GenericKeywords.java:885)
at pv.selenium.hybrid.keywords.GenericKeywords.reportPass(GenericKeywords.java:863)
at pv.selenium.hybrid.keywords.Keywords.executeKeywords(Keywords.java:139)
at pv.selenium.salesforceLogin1.salesforceLogin.copyReportMethod(salesforceLogin.java:37)
... Removed 26 stack frames]]>
    </failure>
  </testcase> <!-- copyReportMethod -->
</testsuite> <!-- loginToSalesforce -->
