<?xml version="1.0" encoding="UTF-8"?>
<!-- Generated by org.testng.reporters.JUnitXMLReporter -->
<testsuite ignored="0" hostname="INFNCWLX13177" failures="1" tests="1" name="CaseDetailsOption" time="0.175" errors="0" timestamp="06 Feb 2019 14:44:13 GMT">
  <testcase classname="pv.selenium.caseDashboard.BaseTest" name="@AfterMethod quit" time="0.063">
    <failure type="java.lang.NullPointerException">
      <![CDATA[java.lang.NullPointerException
at pv.selenium.hybrid.keywords.GenericKeywords.closeBrowser(GenericKeywords.java:459)
at pv.selenium.caseDashboard.BaseTest.quit(BaseTest.java:29)
... Removed 29 stack frames]]>
    </failure>
  </testcase> <!-- @AfterMethod quit -->
  <testcase classname="pv.selenium.caseDashboard.CaseDetailsOption" name="copyReportMethod" time="0.021">
    <failure type="java.lang.NullPointerException">
      <![CDATA[java.lang.NullPointerException
at pv.selenium.hybrid.keywords.GenericKeywords.openBrowser(GenericKeywords.java:90)
at pv.selenium.hybrid.keywords.Keywords.executeKeywords(Keywords.java:58)
at pv.selenium.caseDashboard.CaseDetailsOption.copyReportMethod(CaseDetailsOption.java:37)
... Removed 26 stack frames]]>
    </failure>
  </testcase> <!-- copyReportMethod -->
</testsuite> <!-- CaseDetailsOption -->
