<?xml version="1.0" encoding="UTF-8"?>
<!-- Generated by org.testng.reporters.JUnitXMLReporter -->
<testsuite hostname="WKWIN5355264" ignored="0" name="medDRALaunch" tests="1" failures="1" timestamp="22 Mar 2019 13:07:54 GMT" time="1.17" errors="0">
  <testcase name="copyReportMethod" time="0.063" classname="pv.selenium.medDRABrowser.medDRALaunch">
    <failure type="java.lang.NullPointerException">
      <![CDATA[java.lang.NullPointerException
at pv.selenium.hybrid.keywords.GenericKeywords.openBrowser(GenericKeywords.java:91)
at pv.selenium.hybrid.keywords.Keywords.executeKeywords(Keywords.java:58)
at pv.selenium.medDRABrowser.medDRALaunch.copyReportMethod(medDRALaunch.java:37)
... Removed 26 stack frames]]>
    </failure>
  </testcase> <!-- copyReportMethod -->
</testsuite> <!-- medDRALaunch -->
