<?xml version="1.0" encoding="UTF-8"?>
<testng-results skipped="0" failed="0" ignored="0" total="1" passed="1">
  <reporter-output>
  </reporter-output>
  <suite name="Default suite" duration-ms="103308" started-at="2019-04-09T08:59:49Z" finished-at="2019-04-09T09:01:33Z">
    <groups>
    </groups>
    <test name="Default test" duration-ms="103308" started-at="2019-04-09T08:59:49Z" finished-at="2019-04-09T09:01:33Z">
      <class name="pv.selenium.medDRASearch_2208.ELEM2840">
        <test-method status="PASS" signature="init()[pri:0, instance:pv.selenium.medDRASearch_2208.ELEM2840@1e7c7811]" name="init" is-config="true" duration-ms="972" started-at="2019-04-09T08:59:49Z" finished-at="2019-04-09T08:59:50Z">
          <reporter-output>
          </reporter-output>
        </test-method> <!-- init -->
        <test-method status="PASS" signature="copyReportMethod(java.util.Hashtable)[pri:0, instance:pv.selenium.medDRASearch_2208.ELEM2840@1e7c7811]" name="copyReportMethod" duration-ms="102288" started-at="2019-04-09T08:59:50Z" data-provider="getData" finished-at="2019-04-09T09:01:33Z">
          <params>
            <param index="0">
              <value>
                <![CDATA[{Lang_JA=JA, Browser=Chrome, Lang_EN=EN, Password=!bXI@2O&Y2, LLT=LLT, HLGT=HLGT, V_21.1=21.1, ALL=ALL, V_21.0=21.0, Username=meddra_sprint7@elementpboscratch.org, SearchTerm=Card, SOC=SOC, PT=PT, Runmode=Y, LatestVersion=21.1, HierarchyName=ALL, Setup=Setup, HLT=HLT}]]>
              </value>
            </param>
          </params>
          <reporter-output>
          </reporter-output>
        </test-method> <!-- copyReportMethod -->
      </class> <!-- pv.selenium.medDRASearch_2208.ELEM2840 -->
    </test> <!-- Default test -->
  </suite> <!-- Default suite -->
</testng-results>
